0	1	mBAVR.exe -MSF -DBG -pATMEGA128 -LHF -GC -Y -DL -SSA -RA -O11111114 -fo8 -BOOTSZ4096 -BOOTOP0 -N"G:\button_test2\MyProject.mbpav" -SP"C:\Users\Public\Documents\Mikroelektronika\mikroBasic PRO for AVR\defs\" -SP"C:\Users\Public\Documents\Mikroelektronika\mikroBasic PRO for AVR\uses\lte64kw\" -SP"G:\button_test2\" -SP"C:\Program Files\Mikroelektronika\mikroBasic PRO for AVR\defs\" -SP"C:\Program Files\Mikroelektronika\mikroBasic PRO for AVR\uses\lte64kw\" -SP"H:\button_test2\" -SP"C:\Documents and Settings\saeed\My Documents\Timer\button_test2\" -SP"E:\microc_test\button_test\button_test2\" "__Lib_Math.mcl" "__Lib_MathDouble.mcl" "__Lib_System.mcl" "__Lib_Delays.mcl" "__Lib_CType.mcl" "__Lib_String.mcl" "__Lib_CStdlib.mcl" "__Lib_MemManager.mcl" "__Lib_Conversions.mcl" "__Lib_Time.mcl" "__Lib_Trigon.mcl" "__Lib_Trigonometry.mcl" "__Lib_Button.mcl" "__Lib_Keypad4x4.mcl" "__Lib_Manchester.mcl" "__Lib_OneWire.mcl" "__Lib_PS2.mcl" "__Lib_Sound.mcl" "__Lib_SoftI2C.mcl" "__Lib_SoftSPI.mcl" "__Lib_SoftUART.mcl" "__Lib_ADC.mcl" "__Lib_EEPROM_eew.mcl" "__Lib_FLASH_rwe_ext_eio.mcl" "__Lib_PWM_0_presc.mcl" "__Lib_PWM1_2.mcl" "__Lib_PWM16bit.mcl" "__Lib_SPI_b1320_x2.mcl" "__Lib_TWI_eio.mcl" "__Lib_UART_e01_d23.mcl" "__Lib_PortExpander.mcl" "__Lib_CANSPI.mcl" "__Lib_CF.mcl" "__Lib_CFFat16.mcl" "__Lib_GlcdFonts.mcl" "__Lib_Glcd.mcl" "__Lib_LcdConsts.mcl" "__Lib_Lcd.mcl" "__Lib_Mmc.mcl" "__Lib_MmcFat16.mcl" "__Lib_MmcFat16_Defs.mcl" "__Lib_RS485.mcl" "__Lib_S1D13700.mcl" "__Lib_T6963C.mcl" "__Lib_T6963C_Consts.mcl" "__Lib_SPIGlcd.mcl" "__Lib_SPILcd.mcl" "__Lib_SPILcd8.mcl" "__Lib_SPIT6963C.mcl" "__Lib_SPIT6963C_Const.mcl" "__Lib_TFT.mcl" "__Lib_TFT_Defs.mcl" "__Lib_TFT_16bit.mcl" "__Lib_TFT_16bit_Defs.mcl" "__Lib_TouchPanel_TFT_C.mcl" "__Lib_TouchPanel.mcl" "__Lib_EthEnc28j60.mcl" "__Lib_EthEnc24j600.mcl" "MyProject.mbas"	 
warning: 0	1501	Specified search path does not exist: 'C:\Program Files\Mikroelektronika\mikroBasic PRO for AVR\defs'	 
warning: 0	1501	Specified search path does not exist: 'C:\Program Files\Mikroelektronika\mikroBasic PRO for AVR\uses\lte64kw'	 
warning: 0	1501	Specified search path does not exist: 'H:\button_test2'	 
warning: 0	1501	Specified search path does not exist: 'C:\Documents and Settings\saeed\My Documents\Timer\button_test2'	 
diagnostics: 0	133	Compilation Started	C:\Users\Public\Documents\Mikroelektronika\mikroBasic PRO for AVR\defs\ATMEGA128.mbas
hint: 1	1015	Hint: Compiling unit "C:\Users\Public\Documents\Mikroelektronika\mikroBasic PRO for AVR\defs\ATMEGA128.mbas"	ATMEGA128.mbas
hint: 1831	1010	Hint: Unit "ATMEGA128.mbas" has been recompiled	ATMEGA128.mbas
diagnostics: 0	134	Compiled Successfully	C:\Users\Public\Documents\Mikroelektronika\mikroBasic PRO for AVR\defs\ATMEGA128.mbas
diagnostics: 0	133	Compilation Started	C:\Users\Public\Documents\Mikroelektronika\mikroBasic PRO for AVR\Uses\LTE64KW\__Lib_Delays.mbas
hint: 1	1015	Hint: Compiling unit "C:\Users\Public\Documents\Mikroelektronika\mikroBasic PRO for AVR\Uses\LTE64KW\__Lib_Delays.mbas"	__Lib_Delays.mbas
hint: 259	1010	Hint: Unit "__Lib_Delays.mbas" has been recompiled	__Lib_Delays.mbas
diagnostics: 0	134	Compiled Successfully	C:\Users\Public\Documents\Mikroelektronika\mikroBasic PRO for AVR\Uses\LTE64KW\__Lib_Delays.mbas
diagnostics: 0	133	Compilation Started	C:\Users\Public\Documents\Mikroelektronika\mikroBasic PRO for AVR\Uses\LTE64KW\__Lib_MmcFat16_Defs.mbas
hint: 1	1015	Hint: Compiling unit "C:\Users\Public\Documents\Mikroelektronika\mikroBasic PRO for AVR\Uses\LTE64KW\__Lib_MmcFat16_Defs.mbas"	__Lib_MmcFat16_Defs.mbas
hint: 1	1015	Hint: Compiling unit "C:\Users\Public\Documents\Mikroelektronika\mikroBasic PRO for AVR\Uses\LTE64KW\__Lib_MmcFat16_Defs.mbas"	__Lib_MmcFat16_Defs.mbas
hint: 193	1010	Hint: Unit "__Lib_MmcFat16_Defs.mbas" has been recompiled	__Lib_MmcFat16_Defs.mbas
hint: 193	1010	Hint: Unit "__Lib_MmcFat16_Defs.mbas" has been recompiled	__Lib_MmcFat16_Defs.mbas
diagnostics: 0	134	Compiled Successfully	C:\Users\Public\Documents\Mikroelektronika\mikroBasic PRO for AVR\Uses\LTE64KW\__Lib_MmcFat16_Defs.mbas
diagnostics: 0	133	Compilation Started	C:\Users\Public\Documents\Mikroelektronika\mikroBasic PRO for AVR\Uses\LTE64KW\__Lib_TFT_Defs.mbas
hint: 1	1015	Hint: Compiling unit "C:\Users\Public\Documents\Mikroelektronika\mikroBasic PRO for AVR\Uses\LTE64KW\__Lib_TFT_Defs.mbas"	__Lib_TFT_Defs.mbas
hint: 2197	1010	Hint: Unit "__Lib_TFT_Defs.mbas" has been recompiled	__Lib_TFT_Defs.mbas
diagnostics: 0	134	Compiled Successfully	C:\Users\Public\Documents\Mikroelektronika\mikroBasic PRO for AVR\Uses\LTE64KW\__Lib_TFT_Defs.mbas
diagnostics: 0	133	Compilation Started	C:\Users\Public\Documents\Mikroelektronika\mikroBasic PRO for AVR\Uses\LTE64KW\__Lib_TFT_16bit_Defs.mbas
hint: 1	1015	Hint: Compiling unit "C:\Users\Public\Documents\Mikroelektronika\mikroBasic PRO for AVR\Uses\LTE64KW\__Lib_TFT_16bit_Defs.mbas"	__Lib_TFT_16bit_Defs.mbas
hint: 2071	1010	Hint: Unit "__Lib_TFT_16bit_Defs.mbas" has been recompiled	__Lib_TFT_16bit_Defs.mbas
diagnostics: 0	134	Compiled Successfully	C:\Users\Public\Documents\Mikroelektronika\mikroBasic PRO for AVR\Uses\LTE64KW\__Lib_TFT_16bit_Defs.mbas
diagnostics: 0	133	Compilation Started	G:\button_test2\MyProject.mbas
hint: 1	1015	Hint: Compiling unit "G:\button_test2\MyProject.mbas"	MyProject.mbas
warning: 525	1509	Warning: Implicit typecast performed from "double" to "byte"	MyProject.mbas
warning: 528	1509	Warning: Implicit typecast performed from "double" to "byte"	MyProject.mbas
warning: 543	1509	Warning: Implicit typecast performed from "double" to "byte"	MyProject.mbas
warning: 546	1509	Warning: Implicit typecast performed from "double" to "byte"	MyProject.mbas
warning: 561	1509	Warning: Implicit typecast performed from "double" to "byte"	MyProject.mbas
warning: 564	1509	Warning: Implicit typecast performed from "double" to "byte"	MyProject.mbas
warning: 572	1509	Warning: Implicit typecast performed from "double" to "byte"	MyProject.mbas
warning: 575	1509	Warning: Implicit typecast performed from "double" to "byte"	MyProject.mbas
warning: 659	1509	Warning: Implicit typecast performed from "double" to "byte"	MyProject.mbas
warning: 662	1509	Warning: Implicit typecast performed from "double" to "byte"	MyProject.mbas
warning: 674	1509	Warning: Implicit typecast performed from "double" to "byte"	MyProject.mbas
warning: 677	1509	Warning: Implicit typecast performed from "double" to "byte"	MyProject.mbas
warning: 693	1516	Warning: Source size (7) does not match destination size (5)	MyProject.mbas
warning: 716	1516	Warning: Source size (7) does not match destination size (5)	MyProject.mbas
warning: 720	1516	Warning: Source size (6) does not match destination size (5)	MyProject.mbas
warning: 767	1509	Warning: Implicit typecast performed from "double" to "byte"	MyProject.mbas
warning: 770	1509	Warning: Implicit typecast performed from "double" to "byte"	MyProject.mbas
warning: 782	1509	Warning: Implicit typecast performed from "double" to "byte"	MyProject.mbas
warning: 785	1509	Warning: Implicit typecast performed from "double" to "byte"	MyProject.mbas
warning: 795	1516	Warning: Source size (10) does not match destination size (5)	MyProject.mbas
warning: 816	1516	Warning: Source size (6) does not match destination size (5)	MyProject.mbas
warning: 829	1516	Warning: Source size (7) does not match destination size (5)	MyProject.mbas
warning: 839	1516	Warning: Source size (16) does not match destination size (5)	MyProject.mbas
warning: 846	1516	Warning: Source size (11) does not match destination size (5)	MyProject.mbas
warning: 853	1516	Warning: Source size (15) does not match destination size (5)	MyProject.mbas
warning: 897	1516	Warning: Source size (14) does not match destination size (5)	MyProject.mbas
warning: 956	1509	Warning: Implicit typecast performed from "double" to "byte"	MyProject.mbas
warning: 960	1509	Warning: Implicit typecast performed from "double" to "byte"	MyProject.mbas
warning: 965	1516	Warning: Source size (18) does not match destination size (16)	MyProject.mbas
warning: 978	1509	Warning: Implicit typecast performed from "double" to "byte"	MyProject.mbas
warning: 981	1509	Warning: Implicit typecast performed from "double" to "byte"	MyProject.mbas
warning: 1018	1509	Warning: Implicit typecast performed from "double" to "byte"	MyProject.mbas
warning: 1021	1509	Warning: Implicit typecast performed from "double" to "byte"	MyProject.mbas
warning: 1059	1509	Warning: Implicit typecast performed from "double" to "byte"	MyProject.mbas
warning: 1062	1509	Warning: Implicit typecast performed from "double" to "byte"	MyProject.mbas
warning: 1121	1509	Warning: Implicit typecast performed from "double" to "byte"	MyProject.mbas
warning: 1124	1516	Warning: Source size (18) does not match destination size (16)	MyProject.mbas
warning: 1128	1509	Warning: Implicit typecast performed from "double" to "byte"	MyProject.mbas
warning: 1135	1509	Warning: Implicit typecast performed from "double" to "byte"	MyProject.mbas
warning: 1139	1509	Warning: Implicit typecast performed from "double" to "byte"	MyProject.mbas
warning: 1179	1509	Warning: Implicit typecast performed from "double" to "byte"	MyProject.mbas
warning: 1184	1509	Warning: Implicit typecast performed from "double" to "byte"	MyProject.mbas
warning: 1223	1509	Warning: Implicit typecast performed from "double" to "byte"	MyProject.mbas
warning: 1230	1509	Warning: Implicit typecast performed from "double" to "byte"	MyProject.mbas
warning: 1290	1509	Warning: Implicit typecast performed from "double" to "byte"	MyProject.mbas
warning: 1294	1509	Warning: Implicit typecast performed from "double" to "byte"	MyProject.mbas
warning: 1310	1509	Warning: Implicit typecast performed from "double" to "byte"	MyProject.mbas
warning: 1313	1509	Warning: Implicit typecast performed from "double" to "byte"	MyProject.mbas
warning: 1378	1509	Warning: Implicit typecast performed from "double" to "byte"	MyProject.mbas
warning: 1381	1509	Warning: Implicit typecast performed from "double" to "byte"	MyProject.mbas
warning: 1446	1509	Warning: Implicit typecast performed from "double" to "byte"	MyProject.mbas
warning: 1449	1509	Warning: Implicit typecast performed from "double" to "byte"	MyProject.mbas
hint: 1551	1021	Hint: interrupt handler (Timer2_Compare at 0x0012)	MyProject.mbas
hint: 1555	1021	Hint: interrupt handler (Timer0_overflow at 0x0020)	MyProject.mbas
warning: 1616	1509	Warning: Implicit typecast performed from "longint" to "float"	MyProject.mbas
warning: 1616	1509	Warning: Implicit typecast performed from "byte" to "float"	MyProject.mbas
warning: 1616	1509	Warning: Implicit typecast performed from "integer" to "double"	MyProject.mbas
warning: 1616	1509	Warning: Implicit typecast performed from "integer" to "double"	MyProject.mbas
warning: 1616	1509	Warning: Implicit typecast performed from "double" to "integer"	MyProject.mbas
warning: 1627	1509	Warning: Implicit typecast performed from "longint" to "double"	MyProject.mbas
warning: 1628	1516	Warning: Source size (4) does not match destination size (23)	MyProject.mbas
warning: 1647	1509	Warning: Implicit typecast performed from "word" to "float"	MyProject.mbas
warning: 1648	1516	Warning: Source size (4) does not match destination size (23)	MyProject.mbas
hint: 1849	1021	Hint: interrupt handler (interrupt_ISR at 0x0002)	MyProject.mbas
warning: 1920	1509	Warning: Implicit typecast performed from "longint" to "double"	MyProject.mbas
warning: 1920	1509	Warning: Implicit typecast performed from "double" to "longword"	MyProject.mbas
hint: 639	1001	Hint: Variable "txt1" has been declared, but not used	MyProject.mbas
hint: 641	1001	Hint: Variable "kp" has been declared, but not used	MyProject.mbas
hint: 641	1001	Hint: Variable "ok" has been declared, but not used	MyProject.mbas
hint: 740	1001	Hint: Variable "txt1" has been declared, but not used	MyProject.mbas
hint: 743	1001	Hint: Variable "kp2" has been declared, but not used	MyProject.mbas
hint: 743	1001	Hint: Variable "ok2" has been declared, but not used	MyProject.mbas
hint: 934	1001	Hint: Variable "ok1" has been declared, but not used	MyProject.mbas
hint: 1119	1001	Hint: Variable "kp1" has been declared, but not used	MyProject.mbas
hint: 1119	1001	Hint: Variable "sate" has been declared, but not used	MyProject.mbas
hint: 1642	1001	Hint: Variable "max_duty" has been declared, but not used	MyProject.mbas
hint: 1790	1001	Hint: Variable "hx" has been declared, but not used	MyProject.mbas
hint: 1791	1001	Hint: Variable "hx1" has been declared, but not used	MyProject.mbas
hint: 1792	1001	Hint: Variable "txt_sub" has been declared, but not used	MyProject.mbas
hint: 216	1011	Hint: Variable "farvardin1st_iMonth" has been eliminated by optimizer	MyProject.mbas
hint: 216	1011	Hint: Variable "farvardin1st_iDay" has been eliminated by optimizer	MyProject.mbas
hint: 639	1011	Hint: Variable "txt1" has been eliminated by optimizer	MyProject.mbas
hint: 641	1011	Hint: Variable "kp" has been eliminated by optimizer	MyProject.mbas
hint: 641	1011	Hint: Variable "ok" has been eliminated by optimizer	MyProject.mbas
hint: 740	1011	Hint: Variable "txt1" has been eliminated by optimizer	MyProject.mbas
hint: 743	1011	Hint: Variable "kp2" has been eliminated by optimizer	MyProject.mbas
hint: 743	1011	Hint: Variable "ok2" has been eliminated by optimizer	MyProject.mbas
hint: 934	1011	Hint: Variable "ok1" has been eliminated by optimizer	MyProject.mbas
hint: 1592	1011	Hint: Variable "tempCh" has been eliminated by optimizer	MyProject.mbas
hint: 1624	1011	Hint: Variable "ii" has been eliminated by optimizer	MyProject.mbas
hint: 1625	1011	Hint: Variable "jjyear" has been eliminated by optimizer	MyProject.mbas
hint: 1645	1011	Hint: Variable "jjyear" has been eliminated by optimizer	MyProject.mbas
hint: 1790	1011	Hint: Variable "hx" has been eliminated by optimizer	MyProject.mbas
hint: 1791	1011	Hint: Variable "hx1" has been eliminated by optimizer	MyProject.mbas
hint: 1792	1011	Hint: Variable "txt_sub" has been eliminated by optimizer	MyProject.mbas
hint: 2102	1010	Hint: Unit "MyProject.mbas" has been recompiled	MyProject.mbas
diagnostics: 0	134	Compiled Successfully	G:\button_test2\MyProject.mbas
diagnostics: 0	139	All files Compiled in 4087 ms	 
hint: 0	1144	Used RX (bytes): 32 (100%)   Free RX (bytes): 0 (0%)	Used RX (bytes): 32 (100%)   Free RX (bytes): 0 (0%)
hint: 0	1144	Static RAM (bytes): 1709   Dynamic RAM (bytes): 2387	Static RAM (bytes): 1709   Dynamic RAM (bytes): 2387
hint: 0	1144	Used ROM (bytes): 30012 (24%)  Free ROM (bytes): 92868 (76%)	Used ROM (bytes): 30012 (24%)  Free ROM (bytes): 92868 (76%)
diagnostics: 0	145	Project Linked Successfully	MyProject.mbpav
hint: 0	1004	COFF file successfully generated	COFF file successfully generated
diagnostics: 0	140	Linked in 2746 ms	 
diagnostics: 0	141	Project 'MyProject.mbpav' completed: 7550 ms	 
diagnostics: 0	103	Finished successfully: 15 ‰Ê«„»— 2015, 09:46:04	MyProject.mbpav
